\BOOKMARK [1][-]{section.1}{Introduction}{}% 1
\BOOKMARK [1][-]{section.2}{Implement}{}% 2
\BOOKMARK [2][-]{subsection.2.1}{Input/Output Format}{section.2}% 3
\BOOKMARK [3][-]{subsubsection.2.1.1}{Input}{subsection.2.1}% 4
\BOOKMARK [2][-]{subsection.2.2}{Build and solve linear system}{section.2}% 5
\BOOKMARK [3][-]{subsubsection.2.2.1}{Vector field and scalar field}{subsection.2.2}% 6
\BOOKMARK [3][-]{subsubsection.2.2.2}{Poisson blending}{subsection.2.2}% 7
\BOOKMARK [3][-]{subsubsection.2.2.3}{Solving the linear system}{subsection.2.2}% 8
\BOOKMARK [2][-]{subsection.2.3}{Boundary optimization}{section.2}% 9
\BOOKMARK [3][-]{subsubsection.2.3.1}{Target of optimization}{subsection.2.3}% 10
\BOOKMARK [3][-]{subsubsection.2.3.2}{Iterative method}{subsection.2.3}% 11
\BOOKMARK [3][-]{subsubsection.2.3.3}{Complex}{subsection.2.3}% 12
\BOOKMARK [1][-]{section.3}{Experiments}{}% 13
\BOOKMARK [2][-]{subsection.3.1}{Boundary optimization}{section.3}% 14
\BOOKMARK [3][-]{subsubsection.3.1.1}{Getting the basic outline}{subsection.3.1}% 15
\BOOKMARK [3][-]{subsubsection.3.1.2}{Start with K}{subsection.3.1}% 16
\BOOKMARK [3][-]{subsubsection.3.1.3}{Optimization}{subsection.3.1}% 17
\BOOKMARK [3][-]{subsubsection.3.1.4}{Get mask}{subsection.3.1}% 18
\BOOKMARK [2][-]{subsection.3.2}{Blending}{section.3}% 19
\BOOKMARK [3][-]{subsubsection.3.2.1}{Form}{subsection.3.2}% 20
\BOOKMARK [1][-]{section.4}{Conclusion}{}% 21
\BOOKMARK [2][-]{subsection.4.1}{algorithms}{section.4}% 22
\BOOKMARK [2][-]{subsection.4.2}{performance}{section.4}% 23
\BOOKMARK [1][-]{section.5}{Code}{}% 24
